2021-07-07 11:53:00.156 [main] INFO . - user input: C:\Users\HP\AppData\Local\Huawei\DevEco Studio 2.1.0.303\tools\openjdk\bin\java,-j,-source,@C:/Users/HP/DevEcoStudioProjects/MaterialLetterIcon/.idea/code-check/java/detect.txt,-output,C:/Users/HP/DevEcoStudioProjects/MaterialLetterIcon/.idea/code-check/java/output.xml
2021-07-07 11:53:00.195 [main] INFO . - CodeMars Version:2.1.2.sp4
2021-07-07 11:53:00.599 [main] INFO . - starting analyzing.
2021-07-07 11:53:00.666 [main] INFO . - start collecting report.
2021-07-07 11:53:00.676 [CodeMars1] INFO . - Command: "C:\Users\HP\AppData\Local\Huawei\DevEco Studio 2.1.0.303\plugins\codecheck\lib\CodeMars\engines\SecFinder-J\bin\run_SecFinder-J.bat",-filelist,C:\Users\HP\DevEcoStudioProjects\MaterialLetterIcon\.idea\code-check\java\filelist_2021_07_07_11_53_00_669_98.txt,-f,xml,-default,-progress,-r,C:\Users\HP\DevEcoStudioProjects\MaterialLetterIcon\.idea\code-check\java\\errorreport_2021_07_07_11_52_59_627_91.xml,-ruleclasspath,file:///C:\Users\HP\DevEcoStudioProjects\MaterialLetterIcon\.idea\code-check\java\ruleclasspath.txt
2021-07-07 11:53:01.718 [Thread-2] INFO . - Jul 07, 2021 11:53:01 AM com.huawei.secfinderj.SecFinderJ needScan
2021-07-07 11:53:01.718 [Thread-2] INFO . - INFO: SecFinder-J Version: 2.1.3
2021-07-07 11:53:02.428 [Thread-1] INFO . - 2021-07-07 11:53:02.134: SecFinder-J Output: Inspect start...
2021-07-07 11:53:07.323 [Thread-1] INFO . - 2021-07-07 11:53:07.322: SecFinder-J Output: Load checkers...
2021-07-07 11:53:08.079 [Thread-1] INFO . - 2021-07-07 11:53:08.079: SecFinder-J Output: Load config...
2021-07-07 11:53:08.218 [Thread-1] INFO . - 2021-07-07 11:53:08.217: SecFinder-J Output: step 1/4: Find files
2021-07-07 11:53:08.318 [Thread-1] INFO . - 2021-07-07 11:53:08.318: SecFinder-J Output: step 2/4: Process files
2021-07-07 11:53:08.551 [Thread-1] INFO . - 2021-07-07 11:53:08.551: SecFinder-J Output: step 3/4: Run analysis...
2021-07-07 11:53:08.554 [Thread-1] INFO . - 2021-07-07 11:53:08.554: SecFinder-J Output: [SecFinder-J--Thread--1] - during processing of [MaterialLetterIcon.java]
2021-07-07 11:53:11.404 [Thread-1] INFO . - 2021-07-07 11:53:11.404: SecFinder-J Output: step 4/4: Result output...
2021-07-07 11:53:11.405 [Thread-1] INFO . - 2021-07-07 11:53:11.404: SecFinder-J Output: Inspect finish...
2021-07-07 11:53:11.405 [Thread-1] INFO . - Analysis result:
2021-07-07 11:53:11.405 [Thread-1] INFO . -     files analyzed      : 1
2021-07-07 11:53:11.405 [Thread-1] INFO . -     lines analyzed      : 718
2021-07-07 11:53:11.405 [Thread-1] INFO . -     rules used          : 59
2021-07-07 11:53:11.405 [Thread-1] INFO . -     issues detected     : 0
2021-07-07 11:53:11.405 [Thread-1] INFO . -     time cost(sec)      : 9
2021-07-07 11:53:11.405 [Thread-1] INFO . - 
2021-07-07 11:53:11.408 [Thread-2] INFO . - Jul 07, 2021 11:53:11 AM com.huawei.secfinderj.override.HwPmd end
2021-07-07 11:53:11.408 [Thread-2] INFO . - INFO: SecFinder-J run successed!
2021-07-07 11:53:11.654 [CodeMars1] INFO . - start parse errorreport xml
2021-07-07 11:53:11.668 [CodeMars1] INFO . - parse xml time : 170
2021-07-07 11:53:11.669 [CodeMars1] INFO . - end parse errorreport xml
2021-07-07 11:53:11.677 [main] INFO . - end collecting report.
2021-07-07 11:53:11.686 [main] INFO . - end analyzing.
